
===== escaneo 2026-07-20 11:21:49 ET =====
RESUMEN: universo=503 drawdown>=30%=162 con_senal=13
AOS | dd=33.8% | prob=0.475 < umbral -> SIN SEÑAL
ACN | dd=63.1% | prob=0.629 < umbral -> SIN SEÑAL
ADBE | dd=67.0% | prob=0.592 < umbral -> SIN SEÑAL
AES | dd=67.7% | prob=0.000 < umbral -> SIN SEÑAL
ABNB | dd=33.4% | prob=0.471 < umbral -> SIN SEÑAL
AKAM | dd=64.7% | prob=0.612 < umbral -> SIN SEÑAL
ALB | dd=63.1% | prob=0.705 < umbral -> SIN SEÑAL
ARE | dd=72.4% | prob=0.512 < umbral -> SIN SEÑAL
ALGN | dd=76.0% | prob=0.595 < umbral -> SIN SEÑAL
AIG | dd=93.4% | prob=0.298 < umbral -> SIN SEÑAL
AMT | dd=35.1% | prob=0.409 < umbral -> SIN SEÑAL
APA | dd=67.4% | prob=0.550 < umbral -> SIN SEÑAL
APO | dd=36.2% | prob=0.550 < umbral -> SIN SEÑAL
APP | dd=42.5% | prob=0.724 < umbral -> SIN SEÑAL
APTV | dd=68.3% | prob=0.570 < umbral -> SIN SEÑAL
ARES | dd=35.9% | prob=0.592 < umbral -> SIN SEÑAL
ADSK | dd=37.5% | prob=0.550 < umbral -> SIN SEÑAL
AZO | dd=31.2% | prob=0.544 < umbral -> SIN SEÑAL
AXON | dd=41.8% | prob=0.686 < umbral -> SIN SEÑAL
BALL | dd=34.9% | prob=0.412 < umbral -> SIN SEÑAL
BAX | dd=73.8% | prob=0.549 < umbral -> SIN SEÑAL
TECH | dd=46.2% | prob=0.271 < umbral -> SIN SEÑAL
BIIB | dd=57.6% | prob=0.595 < umbral -> SIN SEÑAL
BX | dd=35.0% | prob=0.549 < umbral -> SIN SEÑAL
XYZ | dd=72.3% | prob=0.550 < umbral -> SIN SEÑAL
BA | dd=51.9% | prob=0.475 < umbral -> SIN SEÑAL
BSX | dd=59.6% | prob=0.550 < umbral -> SIN SEÑAL
BR | dd=44.0% | prob=0.515 < umbral -> SIN SEÑAL
BRO | dd=44.4% | prob=0.512 < umbral -> SIN SEÑAL
BF.B | dd=64.8% | prob=0.548 < umbral -> SIN SEÑAL
BLDR | dd=65.9% | prob=0.648 < umbral -> SIN SEÑAL
BXP | dd=35.8% | prob=0.298 < umbral -> SIN SEÑAL
CCL | dd=60.5% | prob=0.595 < umbral -> SIN SEÑAL
CVNA | dd=33.7% | prob=0.724 < umbral -> SIN SEÑAL
CDW | dd=48.8% | prob=0.629 < umbral -> SIN SEÑAL
CNC | dd=32.6% | prob=0.447 < umbral -> SIN SEÑAL
CRL | dd=52.6% | prob=0.550 < umbral -> SIN SEÑAL
CHTR | dd=84.4% | prob=0.705 < umbral -> SIN SEÑAL
CMG | dd=52.3% | prob=0.595 < umbral -> SIN SEÑAL
CIEN | dd=63.6% | prob=0.866 | ENTRAR | score_fund=60.0 | sent=0.45 | obj_analista=565.7067
C | dd=65.6% | prob=0.512 < umbral -> SIN SEÑAL
CLX | dd=51.9% | prob=0.544 < umbral -> SIN SEÑAL
CTSH | dd=50.3% | prob=0.629 < umbral -> SIN SEÑAL
COHR | dd=33.5% | prob=0.888 | ENTRAR | score_fund=54.2 | sent=0.213 | obj_analista=391.45267
COIN | dd=64.2% | prob=0.724 < umbral -> SIN SEÑAL
CMCSA | dd=51.5% | prob=0.548 < umbral -> SIN SEÑAL
STZ | dd=48.9% | prob=0.548 < umbral -> SIN SEÑAL
CEG | dd=38.1% | prob=0.556 < umbral -> SIN SEÑAL
COO | dd=38.6% | prob=0.447 < umbral -> SIN SEÑAL
CPRT | dd=57.3% | prob=0.549 < umbral -> SIN SEÑAL
GLW | dd=42.8% | prob=0.888 | ENTRAR | score_fund=64.8 | sent=0.014 | obj_analista=214.06667
CSGP | dd=70.8% | prob=0.629 < umbral -> SIN SEÑAL
CCI | dd=53.1% | prob=0.475 < umbral -> SIN SEÑAL
DECK | dd=53.4% | prob=0.570 < umbral -> SIN SEÑAL
DVN | dd=44.7% | prob=0.512 < umbral -> SIN SEÑAL
DXCM | dd=53.4% | prob=0.548 < umbral -> SIN SEÑAL
DG | dd=48.1% | prob=0.549 < umbral -> SIN SEÑAL
DPZ | dd=38.0% | prob=0.595 < umbral -> SIN SEÑAL
DASH | dd=34.0% | prob=0.595 < umbral -> SIN SEÑAL
DOW | dd=46.5% | prob=0.595 < umbral -> SIN SEÑAL
ECHO | dd=38.8% | prob=0.724 < umbral -> SIN SEÑAL
EW | dd=35.1% | prob=0.471 < umbral -> SIN SEÑAL
ELV | dd=30.5% | prob=0.550 < umbral -> SIN SEÑAL
EFX | dd=41.3% | prob=0.550 < umbral -> SIN SEÑAL
ERIE | dd=57.2% | prob=0.619 < umbral -> SIN SEÑAL
EL | dd=76.1% | prob=0.512 < umbral -> SIN SEÑAL
EXE | dd=30.3% | prob=0.409 < umbral -> SIN SEÑAL
FDS | dd=47.5% | prob=0.629 < umbral -> SIN SEÑAL
FICO | dd=47.6% | prob=0.549 < umbral -> SIN SEÑAL
FIS | dd=69.4% | prob=0.549 < umbral -> SIN SEÑAL
FSLR | dd=35.7% | prob=0.686 < umbral -> SIN SEÑAL
FISV | dd=78.4% | prob=0.595 < umbral -> SIN SEÑAL
IT | dd=76.5% | prob=0.629 < umbral -> SIN SEÑAL
GEHC | dd=33.4% | prob=0.544 < umbral -> SIN SEÑAL
GNRC | dd=59.4% | prob=0.705 < umbral -> SIN SEÑAL
GIS | dd=52.6% | prob=0.512 < umbral -> SIN SEÑAL
GPN | dd=61.3% | prob=0.550 < umbral -> SIN SEÑAL
GDDY | dd=56.3% | prob=0.570 < umbral -> SIN SEÑAL
HAL | dd=39.8% | prob=0.475 < umbral -> SIN SEÑAL
HCA | dd=33.3% | prob=0.570 < umbral -> SIN SEÑAL
HSY | dd=32.7% | prob=0.475 < umbral -> SIN SEÑAL
HRL | dd=46.7% | prob=0.393 < umbral -> SIN SEÑAL
HPQ | dd=34.4% | prob=0.570 < umbral -> SIN SEÑAL
HII | dd=40.8% | prob=0.512 < umbral -> SIN SEÑAL
IBM | dd=36.7% | prob=0.806 | ENTRAR | score_fund=72.5 | sent=0.081 | obj_analista=273.75455
PODD | dd=53.4% | prob=0.595 < umbral -> SIN SEÑAL
INTC | dd=31.1% | prob=0.860 | ENTRAR (EXCEPCIONAL: entra pese a deterioro) | score_fund=28.3 | sent=0.129 | obj_analista=106.70244
IFF | dd=43.5% | prob=0.412 < umbral -> SIN SEÑAL
IP | dd=34.8% | prob=0.544 < umbral -> SIN SEÑAL
INTU | dd=64.2% | prob=0.648 < umbral -> SIN SEÑAL
ISRG | dd=43.3% | prob=0.629 < umbral -> SIN SEÑAL
KKR | dd=42.0% | prob=0.550 < umbral -> SIN SEÑAL
KLAC | dd=31.4% | prob=0.860 | ENTRAR | score_fund=72.7 | sent=0.211 | obj_analista=234.57143
KHC | dd=58.8% | prob=0.409 < umbral -> SIN SEÑAL
LVS | dd=51.4% | prob=0.447 < umbral -> SIN SEÑAL
LDOS | dd=47.7% | prob=0.550 < umbral -> SIN SEÑAL
LEN | dd=54.4% | prob=0.550 < umbral -> SIN SEÑAL
LULU | dd=77.4% | prob=0.612 < umbral -> SIN SEÑAL
LYB | dd=34.3% | prob=0.556 < umbral -> SIN SEÑAL
MRVL | dd=39.7% | prob=0.888 | ENTRAR | score_fund=57.6 | sent=0.258 | obj_analista=253.68922
MKC | dd=46.3% | prob=0.544 < umbral -> SIN SEÑAL
MGM | dd=50.4% | prob=0.412 < umbral -> SIN SEÑAL
MAA | dd=30.9% | prob=0.271 < umbral -> SIN SEÑAL
MRNA | dd=87.6% | prob=0.806 | ENTRAR (EXCEPCIONAL: entra pese a deterioro) | score_fund=28.7 | sent=0.101 | obj_analista=48.42105
TAP | dd=52.5% | prob=0.512 < umbral -> SIN SEÑAL
MOS | dd=81.2% | prob=0.595 < umbral -> SIN SEÑAL
NFLX | dd=49.4% | prob=0.595 < umbral -> SIN SEÑAL
NEM | dd=32.8% | prob=0.595 < umbral -> SIN SEÑAL
NKE | dd=73.9% | prob=0.549 < umbral -> SIN SEÑAL
NOC | dd=31.3% | prob=0.447 < umbral -> SIN SEÑAL
NCLH | dd=69.7% | prob=0.595 < umbral -> SIN SEÑAL
NRG | dd=31.1% | prob=0.595 < umbral -> SIN SEÑAL
NVR | dd=35.3% | prob=0.475 < umbral -> SIN SEÑAL
ON | dd=34.7% | prob=0.860 | ENTRAR | score_fund=52.7 | sent=0.596 | obj_analista=113.52
ORCL | dd=64.3% | prob=0.724 < umbral -> SIN SEÑAL
PLTR | dd=35.9% | prob=0.648 < umbral -> SIN SEÑAL
PSKY | dd=90.3% | prob=0.629 < umbral -> SIN SEÑAL
PYPL | dd=81.5% | prob=0.548 < umbral -> SIN SEÑAL
PNR | dd=45.3% | prob=0.686 < umbral -> SIN SEÑAL
PFE | dd=48.7% | prob=0.349 < umbral -> SIN SEÑAL
PCG | dd=75.1% | prob=0.298 < umbral -> SIN SEÑAL
PTC | dd=43.6% | prob=0.548 < umbral -> SIN SEÑAL
QCOM | dd=33.4% | prob=0.724 < umbral -> SIN SEÑAL
REGN | dd=43.8% | prob=0.412 < umbral -> SIN SEÑAL
RMD | dd=32.4% | prob=0.544 < umbral -> SIN SEÑAL
RVTY | dd=46.6% | prob=0.447 < umbral -> SIN SEÑAL
HOOD | dd=34.5% | prob=0.724 < umbral -> SIN SEÑAL
ROL | dd=31.9% | prob=0.475 < umbral -> SIN SEÑAL
ROP | dd=38.3% | prob=0.475 < umbral -> SIN SEÑAL
CRM | dd=53.1% | prob=0.589 < umbral -> SIN SEÑAL
SNDK | dd=39.4% | prob=0.949 | ENTRAR | score_fund=75.3 | sent=-0.004 | obj_analista=2144.1365
SBAC | dd=48.9% | prob=0.475 < umbral -> SIN SEÑAL
SLB | dd=45.3% | prob=0.447 < umbral -> SIN SEÑAL
NOW | dd=57.4% | prob=0.705 < umbral -> SIN SEÑAL
SWKS | dd=66.0% | prob=0.629 < umbral -> SIN SEÑAL
SWK | dd=52.2% | prob=0.475 < umbral -> SIN SEÑAL
SMCI | dd=80.4% | prob=0.866 | ENTRAR | score_fund=56.8 | sent=0.457 | obj_analista=37.375
SNPS | dd=42.3% | prob=0.619 < umbral -> SIN SEÑAL
TROW | dd=35.1% | prob=0.370 < umbral -> SIN SEÑAL
TGT | dd=39.2% | prob=0.475 < umbral -> SIN SEÑAL
TER | dd=30.2% | prob=0.886 | ENTRAR | score_fund=83.5 | sent=0.281 | obj_analista=426.35294
TTD | dd=86.8% | prob=0.686 < umbral -> SIN SEÑAL
TSCO | dd=51.6% | prob=0.550 < umbral -> SIN SEÑAL
TRMB | dd=45.9% | prob=0.549 < umbral -> SIN SEÑAL
TYL | dd=52.5% | prob=0.589 < umbral -> SIN SEÑAL
TSN | dd=33.6% | prob=0.349 < umbral -> SIN SEÑAL
ULTA | dd=31.9% | prob=0.512 < umbral -> SIN SEÑAL
UPS | dd=39.6% | prob=0.409 < umbral -> SIN SEÑAL
UNH | dd=30.5% | prob=0.471 < umbral -> SIN SEÑAL
UHS | dd=38.8% | prob=0.548 < umbral -> SIN SEÑAL
VEEV | dd=42.6% | prob=0.544 < umbral -> SIN SEÑAL
VRSK | dd=37.6% | prob=0.512 < umbral -> SIN SEÑAL
VTRS | dd=72.0% | prob=0.409 < umbral -> SIN SEÑAL
DIS | dd=50.8% | prob=0.409 < umbral -> SIN SEÑAL
WBD | dd=66.0% | prob=0.297 < umbral -> SIN SEÑAL
WDC | dd=37.5% | prob=0.934 | ENTRAR | score_fund=88.5 | sent=0.094 | obj_analista=633.8333
WY | dd=34.9% | prob=0.412 < umbral -> SIN SEÑAL
WDAY | dd=53.4% | prob=0.629 < umbral -> SIN SEÑAL
WYNN | dd=53.6% | prob=0.475 < umbral -> SIN SEÑAL
ZBRA | dd=57.0% | prob=0.550 < umbral -> SIN SEÑAL
ZBH | dd=46.4% | prob=0.550 < umbral -> SIN SEÑAL
ZTS | dd=68.1% | prob=0.550 < umbral -> SIN SEÑAL
DECIDIDAS PARA ENTRAR HOY (5): ['SNDK', 'WDC', 'COHR', 'GLW', 'MRVL']
