
===== escaneo 2026-07-24 08:08:08 ET =====
RESUMEN: universo=503 drawdown>=30%=165 con_senal=6
AOS | dd=33.1% | prob=0.471 < umbral -> SIN SEÑAL
ACN | dd=64.1% | prob=0.629 < umbral -> SIN SEÑAL
ADBE | dd=69.7% | prob=0.619 < umbral -> SIN SEÑAL
AES | dd=67.7% | prob=0.000 < umbral -> SIN SEÑAL
ABNB | dd=37.5% | prob=0.475 < umbral -> SIN SEÑAL
AKAM | dd=66.0% | prob=0.612 < umbral -> SIN SEÑAL
ALB | dd=63.2% | prob=0.686 < umbral -> SIN SEÑAL
ARE | dd=72.5% | prob=0.515 < umbral -> SIN SEÑAL
ALGN | dd=77.2% | prob=0.595 < umbral -> SIN SEÑAL
AIG | dd=93.5% | prob=0.298 < umbral -> SIN SEÑAL
AMT | dd=36.6% | prob=0.412 < umbral -> SIN SEÑAL
APA | dd=66.0% | prob=0.549 < umbral -> SIN SEÑAL
APO | dd=35.8% | prob=0.548 < umbral -> SIN SEÑAL
APP | dd=46.5% | prob=0.724 < umbral -> SIN SEÑAL
APTV | dd=69.0% | prob=0.550 < umbral -> SIN SEÑAL
ARES | dd=36.4% | prob=0.550 < umbral -> SIN SEÑAL
AJG | dd=30.1% | prob=0.471 < umbral -> SIN SEÑAL
ADSK | dd=40.4% | prob=0.570 < umbral -> SIN SEÑAL
AZO | dd=33.4% | prob=0.549 < umbral -> SIN SEÑAL
AVY | dd=30.8% | prob=0.416 < umbral -> SIN SEÑAL
AXON | dd=44.5% | prob=0.686 < umbral -> SIN SEÑAL
BALL | dd=35.0% | prob=0.412 < umbral -> SIN SEÑAL
BAX | dd=74.4% | prob=0.550 < umbral -> SIN SEÑAL
TECH | dd=46.1% | prob=0.071 < umbral -> SIN SEÑAL
BIIB | dd=58.2% | prob=0.570 < umbral -> SIN SEÑAL
BX | dd=34.8% | prob=0.544 < umbral -> SIN SEÑAL
XYZ | dd=73.6% | prob=0.570 < umbral -> SIN SEÑAL
BA | dd=52.0% | prob=0.475 < umbral -> SIN SEÑAL
BSX | dd=60.2% | prob=0.550 < umbral -> SIN SEÑAL
BR | dd=45.8% | prob=0.544 < umbral -> SIN SEÑAL
BRO | dd=47.2% | prob=0.544 < umbral -> SIN SEÑAL
BF.B | dd=65.3% | prob=0.544 < umbral -> SIN SEÑAL
BLDR | dd=67.1% | prob=0.686 < umbral -> SIN SEÑAL
BXP | dd=36.7% | prob=0.409 < umbral -> SIN SEÑAL
CCL | dd=61.8% | prob=0.589 < umbral -> SIN SEÑAL
CVNA | dd=38.2% | prob=0.724 < umbral -> SIN SEÑAL
CDW | dd=48.8% | prob=0.595 < umbral -> SIN SEÑAL
CNC | dd=35.3% | prob=0.475 < umbral -> SIN SEÑAL
CRL | dd=50.2% | prob=0.570 < umbral -> SIN SEÑAL
CHTR | dd=84.7% | prob=0.648 < umbral -> SIN SEÑAL
CMG | dd=53.8% | prob=0.570 < umbral -> SIN SEÑAL
CIEN | dd=61.4% | prob=0.806 | ENTRAR | score_fund=60.0 | sent=0.424 | obj_analista=565.7067
C | dd=65.2% | prob=0.447 < umbral -> SIN SEÑAL
CLX | dd=52.9% | prob=0.515 < umbral -> SIN SEÑAL
CTSH | dd=51.3% | prob=0.612 < umbral -> SIN SEÑAL
COIN | dd=63.8% | prob=0.724 < umbral -> SIN SEÑAL
CMCSA | dd=55.5% | prob=0.592 < umbral -> SIN SEÑAL
STZ | dd=50.5% | prob=0.549 < umbral -> SIN SEÑAL
CEG | dd=33.0% | prob=0.549 < umbral -> SIN SEÑAL
COO | dd=39.4% | prob=0.412 < umbral -> SIN SEÑAL
CPRT | dd=57.8% | prob=0.549 < umbral -> SIN SEÑAL
GLW | dd=42.6% | prob=0.886 | ENTRAR | score_fund=61.3 | sent=0.436 | obj_analista=214.06667
CSGP | dd=73.1% | prob=0.705 < umbral -> SIN SEÑAL
CCI | dd=55.5% | prob=0.544 < umbral -> SIN SEÑAL
DHR | dd=33.4% | prob=0.589 < umbral -> SIN SEÑAL
DECK | dd=57.0% | prob=0.595 < umbral -> SIN SEÑAL
DVN | dd=43.0% | prob=0.475 < umbral -> SIN SEÑAL
DXCM | dd=57.2% | prob=0.550 < umbral -> SIN SEÑAL
DG | dd=52.6% | prob=0.589 < umbral -> SIN SEÑAL
DLTR | dd=33.6% | prob=0.550 < umbral -> SIN SEÑAL
DPZ | dd=39.1% | prob=0.570 < umbral -> SIN SEÑAL
DASH | dd=40.5% | prob=0.629 < umbral -> SIN SEÑAL
DOW | dd=45.5% | prob=0.595 < umbral -> SIN SEÑAL
ECHO | dd=37.9% | prob=0.686 < umbral -> SIN SEÑAL
EW | dd=36.4% | prob=0.412 < umbral -> SIN SEÑAL
ELV | dd=30.7% | prob=0.512 < umbral -> SIN SEÑAL
EFX | dd=45.3% | prob=0.629 < umbral -> SIN SEÑAL
ERIE | dd=59.4% | prob=0.595 < umbral -> SIN SEÑAL
EL | dd=77.1% | prob=0.544 < umbral -> SIN SEÑAL
FDS | dd=50.0% | prob=0.612 < umbral -> SIN SEÑAL
FICO | dd=49.8% | prob=0.556 < umbral -> SIN SEÑAL
FIS | dd=70.9% | prob=0.550 < umbral -> SIN SEÑAL
FSLR | dd=35.8% | prob=0.629 < umbral -> SIN SEÑAL
FISV | dd=79.1% | prob=0.595 < umbral -> SIN SEÑAL
IT | dd=77.1% | prob=0.648 < umbral -> SIN SEÑAL
GEHC | dd=34.5% | prob=0.515 < umbral -> SIN SEÑAL
GNRC | dd=59.9% | prob=0.648 < umbral -> SIN SEÑAL
GIS | dd=54.8% | prob=0.549 < umbral -> SIN SEÑAL
GPN | dd=62.9% | prob=0.550 < umbral -> SIN SEÑAL
GDDY | dd=59.4% | prob=0.612 < umbral -> SIN SEÑAL
HAL | dd=44.8% | prob=0.550 < umbral -> SIN SEÑAL
HCA | dd=32.1% | prob=0.548 < umbral -> SIN SEÑAL
HSY | dd=31.9% | prob=0.447 < umbral -> SIN SEÑAL
HRL | dd=47.0% | prob=0.409 < umbral -> SIN SEÑAL
HPQ | dd=33.3% | prob=0.550 < umbral -> SIN SEÑAL
HII | dd=37.3% | prob=0.475 < umbral -> SIN SEÑAL
IBM | dd=37.8% | prob=0.705 < umbral -> SIN SEÑAL
PODD | dd=55.4% | prob=0.595 < umbral -> SIN SEÑAL
IFF | dd=46.3% | prob=0.475 < umbral -> SIN SEÑAL
IP | dd=33.0% | prob=0.544 < umbral -> SIN SEÑAL
INTU | dd=65.0% | prob=0.648 < umbral -> SIN SEÑAL
ISRG | dd=46.1% | prob=0.629 < umbral -> SIN SEÑAL
KKR | dd=43.1% | prob=0.550 < umbral -> SIN SEÑAL
KHC | dd=59.5% | prob=0.412 < umbral -> SIN SEÑAL
LVS | dd=50.9% | prob=0.447 < umbral -> SIN SEÑAL
LDOS | dd=45.9% | prob=0.549 < umbral -> SIN SEÑAL
LEN | dd=54.6% | prob=0.550 < umbral -> SIN SEÑAL
LOW | dd=30.8% | prob=0.512 < umbral -> SIN SEÑAL
LULU | dd=78.6% | prob=0.595 < umbral -> SIN SEÑAL
LYB | dd=32.3% | prob=0.556 < umbral -> SIN SEÑAL
MRVL | dd=36.5% | prob=0.866 | ENTRAR | score_fund=57.6 | sent=0.295 | obj_analista=254.41422
MKC | dd=48.0% | prob=0.544 < umbral -> SIN SEÑAL
MGM | dd=52.6% | prob=0.412 < umbral -> SIN SEÑAL
MSFT | dd=30.8% | prob=0.512 < umbral -> SIN SEÑAL
MAA | dd=31.2% | prob=0.271 < umbral -> SIN SEÑAL
MRNA | dd=88.5% | prob=0.724 < umbral -> SIN SEÑAL
TAP | dd=53.9% | prob=0.548 < umbral -> SIN SEÑAL
MOS | dd=81.0% | prob=0.595 < umbral -> SIN SEÑAL
NFLX | dd=48.6% | prob=0.570 < umbral -> SIN SEÑAL
NKE | dd=75.2% | prob=0.549 < umbral -> SIN SEÑAL
NOC | dd=30.8% | prob=0.512 < umbral -> SIN SEÑAL
NCLH | dd=70.9% | prob=0.595 < umbral -> SIN SEÑAL
NVR | dd=38.2% | prob=0.549 < umbral -> SIN SEÑAL
ON | dd=33.2% | prob=0.806 | ENTRAR | score_fund=52.6 | sent=0.502 | obj_analista=113.12
ORCL | dd=64.9% | prob=0.724 < umbral -> SIN SEÑAL
OTIS | dd=32.1% | prob=0.416 < umbral -> SIN SEÑAL
PLTR | dd=40.6% | prob=0.648 < umbral -> SIN SEÑAL
PSKY | dd=90.6% | prob=0.612 < umbral -> SIN SEÑAL
PYPL | dd=81.8% | prob=0.550 < umbral -> SIN SEÑAL
PNR | dd=45.1% | prob=0.619 < umbral -> SIN SEÑAL
PFE | dd=48.6% | prob=0.298 < umbral -> SIN SEÑAL
PCG | dd=74.9% | prob=0.393 < umbral -> SIN SEÑAL
PPG | dd=31.0% | prob=0.475 < umbral -> SIN SEÑAL
PTC | dd=48.5% | prob=0.595 < umbral -> SIN SEÑAL
QCOM | dd=33.9% | prob=0.648 < umbral -> SIN SEÑAL
REGN | dd=45.7% | prob=0.471 < umbral -> SIN SEÑAL
RMD | dd=34.2% | prob=0.544 < umbral -> SIN SEÑAL
RVTY | dd=43.6% | prob=0.475 < umbral -> SIN SEÑAL
HOOD | dd=34.0% | prob=0.724 < umbral -> SIN SEÑAL
ROL | dd=40.0% | prob=0.589 < umbral -> SIN SEÑAL
ROP | dd=39.6% | prob=0.570 < umbral -> SIN SEÑAL
CRM | dd=56.9% | prob=0.629 < umbral -> SIN SEÑAL
SNDK | dd=31.6% | prob=0.888 | ENTRAR | score_fund=75.0 | sent=0.403 | obj_analista=2217.7727
SBAC | dd=51.8% | prob=0.544 < umbral -> SIN SEÑAL
SLB | dd=44.8% | prob=0.471 < umbral -> SIN SEÑAL
NOW | dd=61.6% | prob=0.724 < umbral -> SIN SEÑAL
SWKS | dd=65.7% | prob=0.619 < umbral -> SIN SEÑAL
SWK | dd=53.4% | prob=0.550 < umbral -> SIN SEÑAL
SMCI | dd=74.6% | prob=0.724 < umbral -> SIN SEÑAL
SNPS | dd=42.7% | prob=0.612 < umbral -> SIN SEÑAL
TMUS | dd=37.0% | prob=0.556 < umbral -> SIN SEÑAL
TROW | dd=36.3% | prob=0.370 < umbral -> SIN SEÑAL
TGT | dd=42.0% | prob=0.544 < umbral -> SIN SEÑAL
TSLA | dd=35.9% | prob=0.648 < umbral -> SIN SEÑAL
TTD | dd=88.1% | prob=0.724 < umbral -> SIN SEÑAL
TSCO | dd=51.6% | prob=0.556 < umbral -> SIN SEÑAL
TRMB | dd=47.8% | prob=0.570 < umbral -> SIN SEÑAL
TYL | dd=56.4% | prob=0.619 < umbral -> SIN SEÑAL
TSN | dd=34.9% | prob=0.393 < umbral -> SIN SEÑAL
UBER | dd=32.4% | prob=0.550 < umbral -> SIN SEÑAL
ULTA | dd=33.1% | prob=0.512 < umbral -> SIN SEÑAL
UPS | dd=39.4% | prob=0.412 < umbral -> SIN SEÑAL
UHS | dd=38.4% | prob=0.515 < umbral -> SIN SEÑAL
VEEV | dd=47.8% | prob=0.592 < umbral -> SIN SEÑAL
VRSK | dd=39.6% | prob=0.550 < umbral -> SIN SEÑAL
VTRS | dd=72.0% | prob=0.475 < umbral -> SIN SEÑAL
DIS | dd=52.8% | prob=0.412 < umbral -> SIN SEÑAL
WBD | dd=66.8% | prob=0.370 < umbral -> SIN SEÑAL
WDC | dd=30.2% | prob=0.860 | ENTRAR | score_fund=84.1 | sent=0.361 | obj_analista=633.8333
WY | dd=36.2% | prob=0.447 < umbral -> SIN SEÑAL
WDAY | dd=58.9% | prob=0.724 < umbral -> SIN SEÑAL
WYNN | dd=53.3% | prob=0.475 < umbral -> SIN SEÑAL
ZBRA | dd=58.2% | prob=0.550 < umbral -> SIN SEÑAL
ZBH | dd=46.5% | prob=0.544 < umbral -> SIN SEÑAL
ZTS | dd=68.6% | prob=0.556 < umbral -> SIN SEÑAL
DECIDIDAS PARA ENTRAR HOY (0): []
