
===== escaneo 2026-07-22 08:16:38 ET =====
RESUMEN: universo=503 drawdown>=30%=159 con_senal=8
AOS | dd=33.9% | prob=0.475 < umbral -> SIN SEÑAL
ACN | dd=63.6% | prob=0.612 < umbral -> SIN SEÑAL
ADBE | dd=67.5% | prob=0.550 < umbral -> SIN SEÑAL
AES | dd=67.7% | prob=0.000 < umbral -> SIN SEÑAL
ABNB | dd=34.5% | prob=0.447 < umbral -> SIN SEÑAL
AKAM | dd=63.8% | prob=0.612 < umbral -> SIN SEÑAL
ALB | dd=62.7% | prob=0.705 < umbral -> SIN SEÑAL
ARE | dd=72.2% | prob=0.475 < umbral -> SIN SEÑAL
ALGN | dd=75.9% | prob=0.592 < umbral -> SIN SEÑAL
AIG | dd=93.4% | prob=0.298 < umbral -> SIN SEÑAL
AMT | dd=37.1% | prob=0.412 < umbral -> SIN SEÑAL
APA | dd=66.6% | prob=0.550 < umbral -> SIN SEÑAL
APO | dd=36.1% | prob=0.549 < umbral -> SIN SEÑAL
APP | dd=42.5% | prob=0.724 < umbral -> SIN SEÑAL
APTV | dd=68.0% | prob=0.550 < umbral -> SIN SEÑAL
ARES | dd=36.6% | prob=0.570 < umbral -> SIN SEÑAL
ADSK | dd=38.7% | prob=0.549 < umbral -> SIN SEÑAL
AZO | dd=31.3% | prob=0.548 < umbral -> SIN SEÑAL
AVY | dd=30.5% | prob=0.412 < umbral -> SIN SEÑAL
AXON | dd=42.3% | prob=0.686 < umbral -> SIN SEÑAL
BALL | dd=34.7% | prob=0.409 < umbral -> SIN SEÑAL
BAX | dd=73.8% | prob=0.512 < umbral -> SIN SEÑAL
TECH | dd=46.2% | prob=0.182 < umbral -> SIN SEÑAL
BIIB | dd=57.7% | prob=0.550 < umbral -> SIN SEÑAL
BX | dd=35.0% | prob=0.548 < umbral -> SIN SEÑAL
XYZ | dd=72.2% | prob=0.549 < umbral -> SIN SEÑAL
BA | dd=53.0% | prob=0.512 < umbral -> SIN SEÑAL
BSX | dd=60.6% | prob=0.550 < umbral -> SIN SEÑAL
BR | dd=45.6% | prob=0.512 < umbral -> SIN SEÑAL
BRO | dd=46.4% | prob=0.512 < umbral -> SIN SEÑAL
BF.B | dd=64.5% | prob=0.512 < umbral -> SIN SEÑAL
BLDR | dd=67.5% | prob=0.686 < umbral -> SIN SEÑAL
BXP | dd=36.2% | prob=0.393 < umbral -> SIN SEÑAL
CCL | dd=60.5% | prob=0.589 < umbral -> SIN SEÑAL
CVNA | dd=32.7% | prob=0.724 < umbral -> SIN SEÑAL
CDW | dd=49.0% | prob=0.612 < umbral -> SIN SEÑAL
CNC | dd=31.4% | prob=0.475 < umbral -> SIN SEÑAL
CRL | dd=52.3% | prob=0.549 < umbral -> SIN SEÑAL
CHTR | dd=84.5% | prob=0.686 < umbral -> SIN SEÑAL
CMG | dd=51.9% | prob=0.589 < umbral -> SIN SEÑAL
CIEN | dd=61.3% | prob=0.860 | ENTRAR | score_fund=60.0 | sent=0.291 | obj_analista=565.7067
C | dd=64.9% | prob=0.475 < umbral -> SIN SEÑAL
CLX | dd=51.9% | prob=0.475 < umbral -> SIN SEÑAL
CTSH | dd=50.6% | prob=0.612 < umbral -> SIN SEÑAL
COIN | dd=60.5% | prob=0.724 < umbral -> SIN SEÑAL
CMCSA | dd=51.6% | prob=0.515 < umbral -> SIN SEÑAL
STZ | dd=50.0% | prob=0.548 < umbral -> SIN SEÑAL
CEG | dd=36.2% | prob=0.550 < umbral -> SIN SEÑAL
COO | dd=38.7% | prob=0.409 < umbral -> SIN SEÑAL
CPRT | dd=57.8% | prob=0.549 < umbral -> SIN SEÑAL
GLW | dd=40.2% | prob=0.888 | ENTRAR | score_fund=61.3 | sent=0.156 | obj_analista=214.06667
CSGP | dd=71.8% | prob=0.629 < umbral -> SIN SEÑAL
CCI | dd=54.5% | prob=0.512 < umbral -> SIN SEÑAL
DHR | dd=38.0% | prob=0.544 < umbral -> SIN SEÑAL
DECK | dd=53.9% | prob=0.550 < umbral -> SIN SEÑAL
DVN | dd=44.5% | prob=0.512 < umbral -> SIN SEÑAL
DXCM | dd=54.7% | prob=0.544 < umbral -> SIN SEÑAL
DG | dd=49.3% | prob=0.544 < umbral -> SIN SEÑAL
DPZ | dd=38.6% | prob=0.570 < umbral -> SIN SEÑAL
DASH | dd=34.1% | prob=0.595 < umbral -> SIN SEÑAL
DOW | dd=46.2% | prob=0.595 < umbral -> SIN SEÑAL
ECHO | dd=35.6% | prob=0.724 < umbral -> SIN SEÑAL
EW | dd=35.8% | prob=0.412 < umbral -> SIN SEÑAL
EFX | dd=43.2% | prob=0.595 < umbral -> SIN SEÑAL
ERIE | dd=59.2% | prob=0.619 < umbral -> SIN SEÑAL
EL | dd=76.3% | prob=0.512 < umbral -> SIN SEÑAL
FDS | dd=49.4% | prob=0.619 < umbral -> SIN SEÑAL
FICO | dd=48.9% | prob=0.549 < umbral -> SIN SEÑAL
FIS | dd=69.7% | prob=0.515 < umbral -> SIN SEÑAL
FSLR | dd=35.8% | prob=0.686 < umbral -> SIN SEÑAL
FISV | dd=78.8% | prob=0.595 < umbral -> SIN SEÑAL
IT | dd=76.9% | prob=0.619 < umbral -> SIN SEÑAL
GEHC | dd=34.4% | prob=0.475 < umbral -> SIN SEÑAL
GNRC | dd=58.9% | prob=0.686 < umbral -> SIN SEÑAL
GIS | dd=52.7% | prob=0.512 < umbral -> SIN SEÑAL
GPN | dd=61.9% | prob=0.549 < umbral -> SIN SEÑAL
GDDY | dd=57.3% | prob=0.570 < umbral -> SIN SEÑAL
HAL | dd=44.0% | prob=0.549 < umbral -> SIN SEÑAL
HCA | dd=32.7% | prob=0.549 < umbral -> SIN SEÑAL
HSY | dd=32.5% | prob=0.447 < umbral -> SIN SEÑAL
HRL | dd=46.8% | prob=0.393 < umbral -> SIN SEÑAL
HPQ | dd=32.5% | prob=0.550 < umbral -> SIN SEÑAL
HII | dd=41.3% | prob=0.512 < umbral -> SIN SEÑAL
IBM | dd=36.7% | prob=0.724 < umbral -> SIN SEÑAL
PODD | dd=53.9% | prob=0.570 < umbral -> SIN SEÑAL
IFF | dd=44.5% | prob=0.412 < umbral -> SIN SEÑAL
IP | dd=35.8% | prob=0.548 < umbral -> SIN SEÑAL
INTU | dd=64.0% | prob=0.629 < umbral -> SIN SEÑAL
ISRG | dd=43.2% | prob=0.612 < umbral -> SIN SEÑAL
KKR | dd=42.5% | prob=0.550 < umbral -> SIN SEÑAL
KHC | dd=58.8% | prob=0.409 < umbral -> SIN SEÑAL
LVS | dd=51.5% | prob=0.412 < umbral -> SIN SEÑAL
LDOS | dd=48.6% | prob=0.550 < umbral -> SIN SEÑAL
LEN | dd=54.8% | prob=0.549 < umbral -> SIN SEÑAL
LOW | dd=30.2% | prob=0.475 < umbral -> SIN SEÑAL
LULU | dd=77.4% | prob=0.556 < umbral -> SIN SEÑAL
LYB | dd=32.9% | prob=0.556 < umbral -> SIN SEÑAL
MRVL | dd=36.9% | prob=0.888 | ENTRAR | score_fund=57.6 | sent=0.163 | obj_analista=253.68922
MKC | dd=45.8% | prob=0.512 < umbral -> SIN SEÑAL
MGM | dd=51.9% | prob=0.412 < umbral -> SIN SEÑAL
MAA | dd=31.5% | prob=0.271 < umbral -> SIN SEÑAL
MRNA | dd=88.0% | prob=0.806 | ENTRAR (EXCEPCIONAL: entra pese a deterioro) | score_fund=28.7 | sent=0.167 | obj_analista=48.42105
TAP | dd=53.0% | prob=0.512 < umbral -> SIN SEÑAL
MOS | dd=81.3% | prob=0.612 < umbral -> SIN SEÑAL
NFLX | dd=48.8% | prob=0.595 < umbral -> SIN SEÑAL
NEM | dd=31.1% | prob=0.595 < umbral -> SIN SEÑAL
NKE | dd=74.0% | prob=0.512 < umbral -> SIN SEÑAL
NOC | dd=33.5% | prob=0.475 < umbral -> SIN SEÑAL
NCLH | dd=69.7% | prob=0.589 < umbral -> SIN SEÑAL
NRG | dd=30.5% | prob=0.595 < umbral -> SIN SEÑAL
NVR | dd=36.5% | prob=0.475 < umbral -> SIN SEÑAL
ON | dd=32.5% | prob=0.860 | ENTRAR | score_fund=52.5 | sent=0.547 | obj_analista=113.52
ORCL | dd=62.8% | prob=0.724 < umbral -> SIN SEÑAL
OTIS | dd=31.0% | prob=0.409 < umbral -> SIN SEÑAL
PLTR | dd=36.1% | prob=0.629 < umbral -> SIN SEÑAL
PSKY | dd=90.5% | prob=0.612 < umbral -> SIN SEÑAL
PYPL | dd=81.8% | prob=0.515 < umbral -> SIN SEÑAL
PNR | dd=45.6% | prob=0.648 < umbral -> SIN SEÑAL
PFE | dd=48.7% | prob=0.298 < umbral -> SIN SEÑAL
PCG | dd=74.9% | prob=0.298 < umbral -> SIN SEÑAL
PTC | dd=45.0% | prob=0.549 < umbral -> SIN SEÑAL
QCOM | dd=33.0% | prob=0.705 < umbral -> SIN SEÑAL
REGN | dd=43.8% | prob=0.412 < umbral -> SIN SEÑAL
RMD | dd=32.8% | prob=0.512 < umbral -> SIN SEÑAL
RVTY | dd=45.0% | prob=0.447 < umbral -> SIN SEÑAL
HOOD | dd=30.9% | prob=0.724 < umbral -> SIN SEÑAL
ROL | dd=33.3% | prob=0.471 < umbral -> SIN SEÑAL
ROP | dd=40.4% | prob=0.475 < umbral -> SIN SEÑAL
CRM | dd=53.3% | prob=0.570 < umbral -> SIN SEÑAL
SNDK | dd=32.5% | prob=0.949 | ENTRAR | score_fund=75.6 | sent=0.18 | obj_analista=2197.318
SBAC | dd=51.3% | prob=0.544 < umbral -> SIN SEÑAL
SLB | dd=45.5% | prob=0.475 < umbral -> SIN SEÑAL
NOW | dd=57.4% | prob=0.629 < umbral -> SIN SEÑAL
SWKS | dd=64.2% | prob=0.619 < umbral -> SIN SEÑAL
SWK | dd=52.9% | prob=0.544 < umbral -> SIN SEÑAL
SMCI | dd=79.3% | prob=0.860 | ENTRAR | score_fund=56.6 | sent=0.428 | obj_analista=37.375
SNPS | dd=40.3% | prob=0.612 < umbral -> SIN SEÑAL
TROW | dd=34.8% | prob=0.370 < umbral -> SIN SEÑAL
TGT | dd=40.3% | prob=0.475 < umbral -> SIN SEÑAL
TTD | dd=87.1% | prob=0.648 < umbral -> SIN SEÑAL
TSCO | dd=52.7% | prob=0.550 < umbral -> SIN SEÑAL
TRMB | dd=46.3% | prob=0.549 < umbral -> SIN SEÑAL
TYL | dd=54.7% | prob=0.595 < umbral -> SIN SEÑAL
TSN | dd=34.6% | prob=0.393 < umbral -> SIN SEÑAL
ULTA | dd=31.5% | prob=0.475 < umbral -> SIN SEÑAL
UPS | dd=38.2% | prob=0.412 < umbral -> SIN SEÑAL
UHS | dd=38.9% | prob=0.512 < umbral -> SIN SEÑAL
VEEV | dd=45.0% | prob=0.549 < umbral -> SIN SEÑAL
VRSK | dd=38.9% | prob=0.512 < umbral -> SIN SEÑAL
VTRS | dd=71.5% | prob=0.412 < umbral -> SIN SEÑAL
DIS | dd=51.2% | prob=0.349 < umbral -> SIN SEÑAL
WBD | dd=66.9% | prob=0.409 < umbral -> SIN SEÑAL
WDC | dd=31.4% | prob=0.888 | ENTRAR | score_fund=85.2 | sent=0.378 | obj_analista=633.8333
WY | dd=36.3% | prob=0.447 < umbral -> SIN SEÑAL
WDAY | dd=54.6% | prob=0.612 < umbral -> SIN SEÑAL
WYNN | dd=54.3% | prob=0.475 < umbral -> SIN SEÑAL
ZBRA | dd=57.3% | prob=0.550 < umbral -> SIN SEÑAL
ZBH | dd=46.9% | prob=0.544 < umbral -> SIN SEÑAL
ZTS | dd=68.3% | prob=0.550 < umbral -> SIN SEÑAL
DECIDIDAS PARA ENTRAR HOY (4): ['CIEN', 'ON', 'SMCI', 'MRNA']

===== escaneo 2026-07-22 18:58:28 ET =====
POST-CIERRE 2026-07-22
entradas ejecutadas: ['CIEN', 'ON', 'SMCI', 'MRNA']
cambios de objetivo: 10
cierres: []
