
===== escaneo 2026-07-23 08:15:11 ET =====
RESUMEN: universo=503 drawdown>=30%=160 con_senal=9
AOS | dd=33.2% | prob=0.447 < umbral -> SIN SEÑAL
ACN | dd=63.7% | prob=0.619 < umbral -> SIN SEÑAL
ADBE | dd=68.8% | prob=0.612 < umbral -> SIN SEÑAL
AES | dd=67.6% | prob=0.000 < umbral -> SIN SEÑAL
ABNB | dd=36.3% | prob=0.475 < umbral -> SIN SEÑAL
AKAM | dd=64.0% | prob=0.592 < umbral -> SIN SEÑAL
ALB | dd=63.0% | prob=0.705 < umbral -> SIN SEÑAL
ARE | dd=72.7% | prob=0.544 < umbral -> SIN SEÑAL
ALGN | dd=76.6% | prob=0.595 < umbral -> SIN SEÑAL
AIG | dd=93.5% | prob=0.298 < umbral -> SIN SEÑAL
AMT | dd=36.1% | prob=0.412 < umbral -> SIN SEÑAL
APA | dd=66.2% | prob=0.549 < umbral -> SIN SEÑAL
APO | dd=35.8% | prob=0.548 < umbral -> SIN SEÑAL
APP | dd=44.7% | prob=0.724 < umbral -> SIN SEÑAL
APTV | dd=67.8% | prob=0.550 < umbral -> SIN SEÑAL
ARES | dd=37.3% | prob=0.570 < umbral -> SIN SEÑAL
AJG | dd=30.0% | prob=0.447 < umbral -> SIN SEÑAL
ADSK | dd=40.9% | prob=0.570 < umbral -> SIN SEÑAL
AZO | dd=32.3% | prob=0.544 < umbral -> SIN SEÑAL
AXON | dd=44.5% | prob=0.705 < umbral -> SIN SEÑAL
BALL | dd=34.9% | prob=0.409 < umbral -> SIN SEÑAL
BAX | dd=74.3% | prob=0.549 < umbral -> SIN SEÑAL
TECH | dd=46.0% | prob=0.071 < umbral -> SIN SEÑAL
BIIB | dd=58.8% | prob=0.570 < umbral -> SIN SEÑAL
BX | dd=35.7% | prob=0.548 < umbral -> SIN SEÑAL
XYZ | dd=73.2% | prob=0.550 < umbral -> SIN SEÑAL
BA | dd=52.1% | prob=0.475 < umbral -> SIN SEÑAL
BSX | dd=60.8% | prob=0.550 < umbral -> SIN SEÑAL
BR | dd=45.9% | prob=0.544 < umbral -> SIN SEÑAL
BRO | dd=47.4% | prob=0.544 < umbral -> SIN SEÑAL
BF.B | dd=64.3% | prob=0.512 < umbral -> SIN SEÑAL
BLDR | dd=66.9% | prob=0.648 < umbral -> SIN SEÑAL
BXP | dd=37.1% | prob=0.409 < umbral -> SIN SEÑAL
CCL | dd=60.6% | prob=0.570 < umbral -> SIN SEÑAL
CVNA | dd=35.6% | prob=0.724 < umbral -> SIN SEÑAL
CDW | dd=49.0% | prob=0.595 < umbral -> SIN SEÑAL
CNC | dd=33.1% | prob=0.475 < umbral -> SIN SEÑAL
CRL | dd=52.5% | prob=0.544 < umbral -> SIN SEÑAL
CHTR | dd=84.3% | prob=0.648 < umbral -> SIN SEÑAL
CMG | dd=53.5% | prob=0.595 < umbral -> SIN SEÑAL
CIEN | dd=62.4% | prob=0.844 | ENTRAR | score_fund=60.0 | sent=0.384 | obj_analista=565.7067
C | dd=65.1% | prob=0.475 < umbral -> SIN SEÑAL
CLX | dd=51.9% | prob=0.512 < umbral -> SIN SEÑAL
CTSH | dd=51.1% | prob=0.612 < umbral -> SIN SEÑAL
COIN | dd=62.6% | prob=0.724 < umbral -> SIN SEÑAL
CMCSA | dd=52.2% | prob=0.515 < umbral -> SIN SEÑAL
STZ | dd=49.5% | prob=0.544 < umbral -> SIN SEÑAL
CEG | dd=33.1% | prob=0.550 < umbral -> SIN SEÑAL
COO | dd=39.1% | prob=0.412 < umbral -> SIN SEÑAL
CPRT | dd=57.8% | prob=0.548 < umbral -> SIN SEÑAL
GLW | dd=43.3% | prob=0.888 | ENTRAR | score_fund=61.3 | sent=0.36 | obj_analista=214.06667
CSGP | dd=72.6% | prob=0.648 < umbral -> SIN SEÑAL
CCI | dd=53.7% | prob=0.512 < umbral -> SIN SEÑAL
DHR | dd=38.0% | prob=0.570 < umbral -> SIN SEÑAL
DECK | dd=54.3% | prob=0.550 < umbral -> SIN SEÑAL
DVN | dd=43.5% | prob=0.475 < umbral -> SIN SEÑAL
DXCM | dd=56.7% | prob=0.550 < umbral -> SIN SEÑAL
DG | dd=50.5% | prob=0.550 < umbral -> SIN SEÑAL
DLTR | dd=31.1% | prob=0.550 < umbral -> SIN SEÑAL
DPZ | dd=39.8% | prob=0.589 < umbral -> SIN SEÑAL
DASH | dd=37.7% | prob=0.619 < umbral -> SIN SEÑAL
DOW | dd=44.8% | prob=0.570 < umbral -> SIN SEÑAL
ECHO | dd=37.3% | prob=0.724 < umbral -> SIN SEÑAL
EW | dd=36.0% | prob=0.412 < umbral -> SIN SEÑAL
EFX | dd=44.1% | prob=0.612 < umbral -> SIN SEÑAL
ERIE | dd=60.1% | prob=0.595 < umbral -> SIN SEÑAL
EL | dd=76.3% | prob=0.512 < umbral -> SIN SEÑAL
FDS | dd=49.8% | prob=0.619 < umbral -> SIN SEÑAL
FICO | dd=49.2% | prob=0.550 < umbral -> SIN SEÑAL
FIS | dd=70.5% | prob=0.550 < umbral -> SIN SEÑAL
FSLR | dd=34.9% | prob=0.648 < umbral -> SIN SEÑAL
FISV | dd=79.0% | prob=0.595 < umbral -> SIN SEÑAL
IT | dd=77.4% | prob=0.629 < umbral -> SIN SEÑAL
GEHC | dd=35.1% | prob=0.512 < umbral -> SIN SEÑAL
GNRC | dd=59.3% | prob=0.648 < umbral -> SIN SEÑAL
GIS | dd=53.0% | prob=0.544 < umbral -> SIN SEÑAL
GPN | dd=62.4% | prob=0.550 < umbral -> SIN SEÑAL
GDDY | dd=58.6% | prob=0.595 < umbral -> SIN SEÑAL
HAL | dd=44.3% | prob=0.550 < umbral -> SIN SEÑAL
HCA | dd=32.9% | prob=0.549 < umbral -> SIN SEÑAL
HSY | dd=31.8% | prob=0.447 < umbral -> SIN SEÑAL
HRL | dd=46.6% | prob=0.409 < umbral -> SIN SEÑAL
HPQ | dd=31.7% | prob=0.544 < umbral -> SIN SEÑAL
HII | dd=39.5% | prob=0.475 < umbral -> SIN SEÑAL
IBM | dd=38.1% | prob=0.724 < umbral -> SIN SEÑAL
PODD | dd=55.2% | prob=0.595 < umbral -> SIN SEÑAL
IFF | dd=43.8% | prob=0.409 < umbral -> SIN SEÑAL
IP | dd=32.7% | prob=0.512 < umbral -> SIN SEÑAL
INTU | dd=64.6% | prob=0.648 < umbral -> SIN SEÑAL
ISRG | dd=44.7% | prob=0.629 < umbral -> SIN SEÑAL
IQV | dd=30.5% | prob=0.412 < umbral -> SIN SEÑAL
KKR | dd=43.4% | prob=0.550 < umbral -> SIN SEÑAL
KLAC | dd=30.2% | prob=0.844 | ENTRAR | score_fund=72.7 | sent=0.068 | obj_analista=234.0357
KHC | dd=58.6% | prob=0.409 < umbral -> SIN SEÑAL
LVS | dd=51.7% | prob=0.412 < umbral -> SIN SEÑAL
LDOS | dd=47.4% | prob=0.550 < umbral -> SIN SEÑAL
LEN | dd=54.6% | prob=0.550 < umbral -> SIN SEÑAL
LULU | dd=78.0% | prob=0.595 < umbral -> SIN SEÑAL
LYB | dd=31.7% | prob=0.550 < umbral -> SIN SEÑAL
MRVL | dd=36.0% | prob=0.886 | ENTRAR | score_fund=57.6 | sent=0.312 | obj_analista=254.41422
MKC | dd=46.2% | prob=0.512 < umbral -> SIN SEÑAL
MGM | dd=52.1% | prob=0.412 < umbral -> SIN SEÑAL
MAA | dd=31.8% | prob=0.271 < umbral -> SIN SEÑAL
MRNA | dd=88.3% | prob=0.806 | ENTRAR (EXCEPCIONAL: entra pese a deterioro) | score_fund=28.7 | sent=0.167 | obj_analista=49.36842
TAP | dd=52.8% | prob=0.512 < umbral -> SIN SEÑAL
MOS | dd=80.6% | prob=0.595 < umbral -> SIN SEÑAL
NFLX | dd=48.9% | prob=0.595 < umbral -> SIN SEÑAL
NKE | dd=74.4% | prob=0.512 < umbral -> SIN SEÑAL
NOC | dd=31.8% | prob=0.515 < umbral -> SIN SEÑAL
NCLH | dd=69.9% | prob=0.592 < umbral -> SIN SEÑAL
NVR | dd=36.3% | prob=0.475 < umbral -> SIN SEÑAL
ON | dd=31.6% | prob=0.806 | ENTRAR | score_fund=52.5 | sent=0.497 | obj_analista=113.12
ORCL | dd=63.2% | prob=0.724 < umbral -> SIN SEÑAL
OTIS | dd=32.5% | prob=0.412 < umbral -> SIN SEÑAL
PLTR | dd=40.0% | prob=0.648 < umbral -> SIN SEÑAL
PSKY | dd=90.2% | prob=0.612 < umbral -> SIN SEÑAL
PYPL | dd=81.9% | prob=0.570 < umbral -> SIN SEÑAL
PNR | dd=44.3% | prob=0.612 < umbral -> SIN SEÑAL
PFE | dd=48.9% | prob=0.393 < umbral -> SIN SEÑAL
PCG | dd=74.1% | prob=0.298 < umbral -> SIN SEÑAL
PTC | dd=48.5% | prob=0.595 < umbral -> SIN SEÑAL
QCOM | dd=32.2% | prob=0.686 < umbral -> SIN SEÑAL
REGN | dd=45.8% | prob=0.447 < umbral -> SIN SEÑAL
RMD | dd=33.8% | prob=0.544 < umbral -> SIN SEÑAL
RVTY | dd=45.0% | prob=0.447 < umbral -> SIN SEÑAL
HOOD | dd=32.1% | prob=0.724 < umbral -> SIN SEÑAL
ROL | dd=33.9% | prob=0.475 < umbral -> SIN SEÑAL
ROP | dd=42.8% | prob=0.544 < umbral -> SIN SEÑAL
CRM | dd=55.3% | prob=0.595 < umbral -> SIN SEÑAL
SNDK | dd=32.1% | prob=0.934 | ENTRAR | score_fund=75.0 | sent=0.235 | obj_analista=2197.318
SBAC | dd=50.9% | prob=0.544 < umbral -> SIN SEÑAL
SLB | dd=44.3% | prob=0.475 < umbral -> SIN SEÑAL
NOW | dd=60.2% | prob=0.705 < umbral -> SIN SEÑAL
SWKS | dd=64.1% | prob=0.612 < umbral -> SIN SEÑAL
SWK | dd=52.4% | prob=0.512 < umbral -> SIN SEÑAL
SMCI | dd=75.1% | prob=0.860 | ENTRAR | score_fund=56.0 | sent=0.397 | obj_analista=38.4375
SNPS | dd=42.1% | prob=0.619 < umbral -> SIN SEÑAL
TROW | dd=35.7% | prob=0.370 < umbral -> SIN SEÑAL
TGT | dd=40.5% | prob=0.512 < umbral -> SIN SEÑAL
TTD | dd=87.6% | prob=0.724 < umbral -> SIN SEÑAL
TSCO | dd=53.2% | prob=0.550 < umbral -> SIN SEÑAL
TRMB | dd=48.1% | prob=0.550 < umbral -> SIN SEÑAL
TYL | dd=57.0% | prob=0.619 < umbral -> SIN SEÑAL
TSN | dd=34.6% | prob=0.409 < umbral -> SIN SEÑAL
UBER | dd=31.0% | prob=0.512 < umbral -> SIN SEÑAL
ULTA | dd=32.4% | prob=0.475 < umbral -> SIN SEÑAL
UPS | dd=38.5% | prob=0.409 < umbral -> SIN SEÑAL
UHS | dd=39.2% | prob=0.512 < umbral -> SIN SEÑAL
VEEV | dd=46.3% | prob=0.556 < umbral -> SIN SEÑAL
VRSK | dd=39.8% | prob=0.544 < umbral -> SIN SEÑAL
VTRS | dd=72.4% | prob=0.471 < umbral -> SIN SEÑAL
DIS | dd=51.3% | prob=0.409 < umbral -> SIN SEÑAL
WBD | dd=66.9% | prob=0.393 < umbral -> SIN SEÑAL
WDC | dd=30.4% | prob=0.886 | ENTRAR | score_fund=84.2 | sent=0.314 | obj_analista=633.8333
WY | dd=35.7% | prob=0.416 < umbral -> SIN SEÑAL
WDAY | dd=57.5% | prob=0.686 < umbral -> SIN SEÑAL
WYNN | dd=54.5% | prob=0.475 < umbral -> SIN SEÑAL
ZBRA | dd=57.3% | prob=0.548 < umbral -> SIN SEÑAL
ZBH | dd=47.0% | prob=0.515 < umbral -> SIN SEÑAL
ZTS | dd=68.8% | prob=0.550 < umbral -> SIN SEÑAL
DECIDIDAS PARA ENTRAR HOY (1): ['KLAC']

===== escaneo 2026-07-23 18:52:37 ET =====
POST-CIERRE 2026-07-23
entradas ejecutadas: ['KLAC']
cambios de objetivo: 6
cierres: []
